<?xml version="1.0" encoding="UTF-8"?>
<!-- Generated by org.testng.reporters.JUnitXMLReporter -->
<testsuite ignored="0" hostname="LAPTOP-8NDP6L68" failures="1" tests="4" name="Surefire test" time="34.122" errors="0" timestamp="2021-03-28T20:31:19 CEST">
  <testcase classname="com.xeneta.BookMeetingTest" name="scheduleNow" time="8.873"/>
  <testcase classname="com.xeneta.ClickingCircleTests" name="watchVideoCircle" time="6.988">
    <failure type="org.openqa.selenium.ElementClickInterceptedException" message="element click intercepted: Element &amp;lt;div class=&amp;quot;bullets-circle section-bg&amp;quot; style=&amp;quot;background:#F9f9f9 url(https://www.xeneta.com/hubfs/Accessible.png) no-repeat&amp;quot;&amp;gt;...&amp;lt;/div&amp;gt; is not clickable at point (308, 741). Other element would receive the click: &amp;lt;div id=&amp;quot;hs-eu-cookie-confirmation-inner&amp;quot;&amp;gt;...&amp;lt;/div&amp;gt;
  (Session info: chrome=89.0.4389.90)
Build info: version: &amp;apos;3.141.59&amp;apos;, revision: &amp;apos;e82be7d358&amp;apos;, time: &amp;apos;2018-11-14T08:17:03&amp;apos;
System info: host: &amp;apos;LAPTOP-8NDP6L68&amp;apos;, ip: &amp;apos;172.30.128.1&amp;apos;, os.name: &amp;apos;Windows 10&amp;apos;, os.arch: &amp;apos;amd64&amp;apos;, os.version: &amp;apos;10.0&amp;apos;, java.version: &amp;apos;11.0.9&amp;apos;
Driver info: org.openqa.selenium.chrome.ChromeDriver
Capabilities {acceptInsecureCerts: false, browserName: chrome, browserVersion: 89.0.4389.90, chrome: {chromedriverVersion: 89.0.4389.23 (61b08ee2c5002..., userDataDir: C:\Users\Wattero\AppData\Lo...}, goog:chromeOptions: {debuggerAddress: localhost:62385}, javascriptEnabled: true, networkConnectionEnabled: false, pageLoadStrategy: normal, platform: WINDOWS, platformName: WINDOWS, proxy: Proxy(), setWindowRect: true, strictFileInteractability: false, timeouts: {implicit: 0, pageLoad: 300000, script: 30000}, unhandledPromptBehavior: dismiss and notify, webauthn:extension:largeBlob: true, webauthn:virtualAuthenticators: true}
Session ID: 0c1871fe9df2a4e67aa14dadcc0c6778">
      <![CDATA[org.openqa.selenium.ElementClickInterceptedException: element click intercepted: Element <div class="bullets-circle section-bg" style="background:#F9f9f9 url(https://www.xeneta.com/hubfs/Accessible.png) no-repeat">...</div> is not clickable at point (308, 741). Other element would receive the click: <div id="hs-eu-cookie-confirmation-inner">...</div>
  (Session info: chrome=89.0.4389.90)
Build info: version: '3.141.59', revision: 'e82be7d358', time: '2018-11-14T08:17:03'
System info: host: 'LAPTOP-8NDP6L68', ip: '172.30.128.1', os.name: 'Windows 10', os.arch: 'amd64', os.version: '10.0', java.version: '11.0.9'
Driver info: org.openqa.selenium.chrome.ChromeDriver
Capabilities {acceptInsecureCerts: false, browserName: chrome, browserVersion: 89.0.4389.90, chrome: {chromedriverVersion: 89.0.4389.23 (61b08ee2c5002..., userDataDir: C:\Users\Wattero\AppData\Lo...}, goog:chromeOptions: {debuggerAddress: localhost:62385}, javascriptEnabled: true, networkConnectionEnabled: false, pageLoadStrategy: normal, platform: WINDOWS, platformName: WINDOWS, proxy: Proxy(), setWindowRect: true, strictFileInteractability: false, timeouts: {implicit: 0, pageLoad: 300000, script: 30000}, unhandledPromptBehavior: dismiss and notify, webauthn:extension:largeBlob: true, webauthn:virtualAuthenticators: true}
Session ID: 0c1871fe9df2a4e67aa14dadcc0c6778
at org.openqa.selenium.remote.http.W3CHttpResponseCodec.createException(W3CHttpResponseCodec.java:187)
at org.openqa.selenium.remote.http.W3CHttpResponseCodec.decode(W3CHttpResponseCodec.java:122)
at org.openqa.selenium.remote.http.W3CHttpResponseCodec.decode(W3CHttpResponseCodec.java:49)
at org.openqa.selenium.remote.HttpCommandExecutor.execute(HttpCommandExecutor.java:158)
at org.openqa.selenium.remote.service.DriverCommandExecutor.execute(DriverCommandExecutor.java:83)
at org.openqa.selenium.remote.RemoteWebDriver.execute(RemoteWebDriver.java:552)
at org.openqa.selenium.remote.RemoteWebElement.execute(RemoteWebElement.java:285)
at org.openqa.selenium.remote.RemoteWebElement.click(RemoteWebElement.java:84)
at com.xeneta.ClickingCircleTests.watchVideoCircle(ClickingCircleTests.java:53)
at java.base/java.util.ArrayList.forEach(ArrayList.java:1541)
... Removed 36 stack frames]]>
    </failure>
  </testcase> <!-- watchVideoCircle -->
  <testcase classname="com.xeneta.DemoHeadingTest" name="headingTest" time="8.931"/>
  <testcase classname="com.xeneta.WatchVideosTest" name="watchVideo" time="9.285"/>
</testsuite> <!-- Surefire test -->
