<?xml version="1.0" encoding="UTF-8"?>
<!-- Generated by org.testng.reporters.JUnitXMLReporter -->
<testsuite ignored="0" hostname="LAPTOP-8NDP6L68" failures="0" tests="5" name="CareersPageOpenRolesTests" time="41.22" errors="0" timestamp="2021-03-30T18:58:03 CEST">
  <testcase classname="com.xeneta.OpenRolesTests" name="openRolesCountTest" time="7.082"/>
  <testcase classname="com.xeneta.OpenRolesTests" name="clickExpandRoleTest" time="7.617"/>
  <testcase classname="com.xeneta.OpenRolesTests" name="repeatingRolesTest" time="7.122"/>
  <testcase classname="com.xeneta.OpenRolesTests" name="checkRoleTest" time="7.293"/>
  <testcase classname="com.xeneta.OpenRolesTests" name="checkApplyLinkTest" time="12.1"/>
</testsuite> <!-- CareersPageOpenRolesTests -->
