<?xml version="1.0" encoding="UTF-8"?>
<!-- Generated by org.testng.reporters.JUnitXMLReporter -->
<testsuite ignored="0" hostname="LAPTOP-8NDP6L68" failures="0" tests="3" name="CareersPageVisitLinkTests" time="28.99" errors="0" timestamp="2021-03-30T18:57:22 CEST">
  <testcase classname="com.xeneta.CareersVisitLinkTests" name="osloVisitLink" time="9.448"/>
  <testcase classname="com.xeneta.CareersVisitLinkTests" name="newYorkVisitLink" time="9.549"/>
  <testcase classname="com.xeneta.CareersVisitLinkTests" name="hamburgVisitLink" time="9.989"/>
</testsuite> <!-- CareersPageVisitLinkTests -->
