<?xml version="1.0" encoding="UTF-8"?>
<!-- Generated by org.testng.reporters.JUnitXMLReporter -->
<testsuite ignored="0" hostname="LAPTOP-8NDP6L68" failures="3" tests="3" name="DemoPageClickingCircleTests" time="23.321" errors="0" timestamp="2021-03-30T18:56:47 CEST">
  <testcase classname="com.xeneta.ClickingCircleTests" name="watchVideoCircle" time="7.218">
    <failure type="java.lang.AssertionError" message="Actual url after clicking on Watch Videos circle is not the same as expected expected [https://www.xeneta.com/watchdemos] but found [https://www.xeneta.com/demo]">
      <![CDATA[java.lang.AssertionError: Actual url after clicking on Watch Videos circle is not the same as expected expected [https://www.xeneta.com/watchdemos] but found [https://www.xeneta.com/demo]
at com.xeneta.ClickingCircleTests.watchVideoCircle(ClickingCircleTests.java:65)
at java.base/java.util.ArrayList.forEach(ArrayList.java:1541)
... Removed 32 stack frames]]>
    </failure>
  </testcase> <!-- watchVideoCircle -->
  <testcase classname="com.xeneta.ClickingCircleTests" name="bookMeetingCircle" time="7.157">
    <failure type="java.lang.AssertionError" message="Actual url after clicking on Book Meeting circle is not the same as expected expected [https://www.xeneta.com/scheduledemo] but found [https://www.xeneta.com/demo]">
      <![CDATA[java.lang.AssertionError: Actual url after clicking on Book Meeting circle is not the same as expected expected [https://www.xeneta.com/scheduledemo] but found [https://www.xeneta.com/demo]
at com.xeneta.ClickingCircleTests.bookMeetingCircle(ClickingCircleTests.java:108)
at java.base/java.util.ArrayList.forEach(ArrayList.java:1541)
... Removed 32 stack frames]]>
    </failure>
  </testcase> <!-- bookMeetingCircle -->
  <testcase classname="com.xeneta.ClickingCircleTests" name="signUpCircle" time="8.939">
    <failure type="java.lang.AssertionError" message="Actual url after clicking on SignUp circle is not the same as expected expected [https://www.xeneta.com/live-group-demo-sign-up] but found [https://www.xeneta.com/customers]">
      <![CDATA[java.lang.AssertionError: Actual url after clicking on SignUp circle is not the same as expected expected [https://www.xeneta.com/live-group-demo-sign-up] but found [https://www.xeneta.com/customers]
at com.xeneta.ClickingCircleTests.signUpCircle(ClickingCircleTests.java:151)
at java.base/java.util.ArrayList.forEach(ArrayList.java:1541)
... Removed 32 stack frames]]>
    </failure>
  </testcase> <!-- signUpCircle -->
</testsuite> <!-- DemoPageClickingCircleTests -->
