<?xml version="1.0" encoding="UTF-8"?>
<testsuite xmlns:xsi="http://www.w3.org/2001/XMLSchema-instance" xsi:noNamespaceSchemaLocation="https://maven.apache.org/surefire/maven-surefire-plugin/xsd/surefire-test-report-3.0.xsd" version="3.0" name="TestSuite" time="34.752" tests="4" errors="0" skipped="0" failures="1">
  <properties>
[...]
</properties>
  <testcase name="scheduleNow" classname="com.xeneta.BookMeetingTest" time="8.884">
    <system-out><![CDATA[Starting Demo Page - Schedule Now Button Test
The page is opened
display: inline-block;
]]></system-out>
    <system-err><![CDATA[Starting ChromeDriver 89.0.4389.23 (61b08ee2c50024bab004e48d2b1b083cdbdac579-refs/branch-heads/4389@{#294}) on port 41262
Only local connections are allowed.
Please see https://chromedriver.chromium.org/security-considerations for suggestions on keeping ChromeDriver safe.
ChromeDriver was started successfully.
Mar 28, 2021 8:30:47 PM org.openqa.selenium.remote.ProtocolHandshake createSession
INFO: Detected dialect: W3C
]]></system-err>
  </testcase>
  <testcase name="watchVideoCircle" classname="com.xeneta.ClickingCircleTests" time="6.992">
    <failure message="element click intercepted: Element &lt;div class=&quot;bullets-circle section-bg&quot; style=&quot;background:#F9f9f9 url(https://www.xeneta.com/hubfs/Accessible.png) no-repeat&quot;&gt;...&lt;/div&gt; is not clickable at point (308, 741). Other element would receive the click: &lt;div id=&quot;hs-eu-cookie-confirmation-inner&quot;&gt;...&lt;/div&gt;&#10;  (Session info: chrome=89.0.4389.90)&#10;Build info: version: &apos;3.141.59&apos;, revision: &apos;e82be7d358&apos;, time: &apos;2018-11-14T08:17:03&apos;&#10;System info: host: &apos;LAPTOP-8NDP6L68&apos;, ip: &apos;172.30.128.1&apos;, os.name: &apos;Windows 10&apos;, os.arch: &apos;amd64&apos;, os.version: &apos;10.0&apos;, java.version: &apos;11.0.9&apos;&#10;Driver info: org.openqa.selenium.chrome.ChromeDriver&#10;Capabilities {acceptInsecureCerts: false, browserName: chrome, browserVersion: 89.0.4389.90, chrome: {chromedriverVersion: 89.0.4389.23 (61b08ee2c5002..., userDataDir: C:\Users\Wattero\AppData\Lo...}, goog:chromeOptions: {debuggerAddress: localhost:62385}, javascriptEnabled: true, networkConnectionEnabled: false, pageLoadStrategy: normal, platform: WINDOWS, platformName: WINDOWS, proxy: Proxy(), setWindowRect: true, strictFileInteractability: false, timeouts: {implicit: 0, pageLoad: 300000, script: 30000}, unhandledPromptBehavior: dismiss and notify, webauthn:extension:largeBlob: true, webauthn:virtualAuthenticators: true}&#10;Session ID: 0c1871fe9df2a4e67aa14dadcc0c6778" type="org.openqa.selenium.ElementClickInterceptedException"><![CDATA[org.openqa.selenium.ElementClickInterceptedException: 
element click intercepted: Element <div class="bullets-circle section-bg" style="background:#F9f9f9 url(https://www.xeneta.com/hubfs/Accessible.png) no-repeat">...</div> is not clickable at point (308, 741). Other element would receive the click: <div id="hs-eu-cookie-confirmation-inner">...</div>
  (Session info: chrome=89.0.4389.90)
Build info: version: '3.141.59', revision: 'e82be7d358', time: '2018-11-14T08:17:03'
System info: host: 'LAPTOP-8NDP6L68', ip: '172.30.128.1', os.name: 'Windows 10', os.arch: 'amd64', os.version: '10.0', java.version: '11.0.9'
Driver info: org.openqa.selenium.chrome.ChromeDriver
Capabilities {acceptInsecureCerts: false, browserName: chrome, browserVersion: 89.0.4389.90, chrome: {chromedriverVersion: 89.0.4389.23 (61b08ee2c5002..., userDataDir: C:\Users\Wattero\AppData\Lo...}, goog:chromeOptions: {debuggerAddress: localhost:62385}, javascriptEnabled: true, networkConnectionEnabled: false, pageLoadStrategy: normal, platform: WINDOWS, platformName: WINDOWS, proxy: Proxy(), setWindowRect: true, strictFileInteractability: false, timeouts: {implicit: 0, pageLoad: 300000, script: 30000}, unhandledPromptBehavior: dismiss and notify, webauthn:extension:largeBlob: true, webauthn:virtualAuthenticators: true}
Session ID: 0c1871fe9df2a4e67aa14dadcc0c6778
	at com.xeneta.ClickingCircleTests.watchVideoCircle(ClickingCircleTests.java:53)
]]></failure>
    <system-out><![CDATA[Starting Demo Page - Clicking Watch Demo Circle
The page is opened
]]></system-out>
    <system-err><![CDATA[Starting ChromeDriver 89.0.4389.23 (61b08ee2c50024bab004e48d2b1b083cdbdac579-refs/branch-heads/4389@{#294}) on port 24138
Only local connections are allowed.
Please see https://chromedriver.chromium.org/security-considerations for suggestions on keeping ChromeDriver safe.
ChromeDriver was started successfully.
Mar 28, 2021 8:30:55 PM org.openqa.selenium.remote.ProtocolHandshake createSession
INFO: Detected dialect: W3C
]]></system-err>
  </testcase>
  <testcase name="headingTest" classname="com.xeneta.DemoHeadingTest" time="8.933">
    <system-out><![CDATA[Starting Demo Page Heading Test
The page is opened
Extracting heading and tagline
Procure freight like a pro.
Monitor. Analyze. Budget. Plan. All with one platform.
]]></system-out>
    <system-err><![CDATA[Starting ChromeDriver 89.0.4389.23 (61b08ee2c50024bab004e48d2b1b083cdbdac579-refs/branch-heads/4389@{#294}) on port 46382
Only local connections are allowed.
Please see https://chromedriver.chromium.org/security-considerations for suggestions on keeping ChromeDriver safe.
ChromeDriver was started successfully.
Mar 28, 2021 8:31:02 PM org.openqa.selenium.remote.ProtocolHandshake createSession
INFO: Detected dialect: W3C
]]></system-err>
  </testcase>
  <testcase name="watchVideo" classname="com.xeneta.WatchVideosTest" time="9.279">
    <system-out><![CDATA[Starting Demo Page - Watch Videos Button Test
The page is opened
Learn More About Xeneta
Watch Xeneta Videos
https://www.xeneta.com/watchdemos
]]></system-out>
    <system-err><![CDATA[Starting ChromeDriver 89.0.4389.23 (61b08ee2c50024bab004e48d2b1b083cdbdac579-refs/branch-heads/4389@{#294}) on port 18126
Only local connections are allowed.
Please see https://chromedriver.chromium.org/security-considerations for suggestions on keeping ChromeDriver safe.
ChromeDriver was started successfully.
Mar 28, 2021 8:31:11 PM org.openqa.selenium.remote.ProtocolHandshake createSession
INFO: Detected dialect: W3C
]]></system-err>
  </testcase>
</testsuite>